{
  "RSpec": {
    "coverage": {
      "/Users/deniska/Projects/tech-tests/songkick/spec/webscraper_spec.rb": [
        1,
        null,
        1,
        null,
        1,
        1,
        null,
        null,
        1,
        1,
        null,
        null,
        1,
        1,
        null,
        null
      ],
      "/Users/deniska/Projects/tech-tests/songkick/lib/webscraper.rb": [
        null,
        null,
        null,
        1,
        1,
        3,
        300,
        18,
        282,
        81,
        201,
        42,
        null,
        159,
        null,
        null,
        null,
        null,
        null,
        1,
        1
      ]
    },
    "timestamp": 1512131055
  }
}
